<?xml version="1.0" encoding="UTF-8"?>
<testsuite name="com.zone.automationpractice.website.DefinitionTestSuite" time="6.888" tests="23" errors="0" skipped="0" failures="0">
  <properties>
[...]
</properties>
  <testcase name="Given I am on AutomationPractice Application" classname="Scenario: Place an order and register during checkout and pay via wire" time="0"/>
  <testcase name="When I Select an item in &apos;DRESSES&apos; and click Add to Cart" classname="Scenario: Place an order and register during checkout and pay via wire" time="0"/>
  <testcase name="And Click Proceed to checkout button" classname="Scenario: Place an order and register during checkout and pay via wire" time="0"/>
  <testcase name="Then Create an account during checkout" classname="Scenario: Place an order and register during checkout and pay via wire" time="0"/>
  <testcase name="And Accept Terms and Condition for payment" classname="Scenario: Place an order and register during checkout and pay via wire" time="0"/>
  <testcase name="Then Select Payment method via Wire and confirm the order" classname="Scenario: Place an order and register during checkout and pay via wire" time="0"/>
  <testcase name="And I verify the selected order is done" classname="Scenario: Place an order and register during checkout and pay via wire" time="0"/>
  <testcase name="And Sign off the application" classname="Scenario: Place an order and register during checkout and pay via wire" time="0"/>
  <testcase name="Scenario: Place an order and register during checkout and pay via wire" classname="Scenario: Place an order and register during checkout and pay via wire" time="5.558"/>
  <testcase name="Given I am on AutomationPractice Application" classname="Scenario: Change the size of item before purchasing" time="0"/>
  <testcase name="Given I am on AutomationPractice Application" classname="Scenario: Change the size of item before purchasing" time="0"/>
  <testcase name="When I Select an item in &apos;DRESSES&apos; tab" classname="Scenario: Change the size of item before purchasing" time="0"/>
  <testcase name="When I Select an item in &apos;DRESSES&apos; tab" classname="Scenario: Change the size of item before purchasing" time="0"/>
  <testcase name="And change the size of the selected item to &apos;M&apos;" classname="Scenario: Change the size of item before purchasing" time="0"/>
  <testcase name="Then I should see dropdown Option for product attribute as &apos;M&apos;" classname="Scenario: Change the size of item before purchasing" time="0"/>
  <testcase name="Scenario: Change the size of item before purchasing" classname="Scenario: Change the size of item before purchasing" time="0.659"/>
  <testcase name="Scenario: Change the size of item before purchasing" classname="Scenario: Change the size of item before purchasing" time="0.683"/>
  <testcase name="And change the color of the selected item to &apos;Pink&apos;" classname="Scenario: Change the size of item before purchasing" time="0"/>
  <testcase name="Then I should see dropdown Option for product attribute as &apos;Pink&apos;" classname="Scenario: Change the size of item before purchasing" time="0"/>
  <testcase name="Given I am on AutomationPractice Application" classname="Scenario: Quick view on the selected item" time="0"/>
  <testcase name="When I Select an item and click for quick view" classname="Scenario: Quick view on the selected item" time="0"/>
  <testcase name="Then I should see quick view of the selected items" classname="Scenario: Quick view on the selected item" time="0"/>
  <testcase name="Scenario: Quick view on the selected item" classname="Scenario: Quick view on the selected item" time="0.671"/>
</testsuite>